"D:/Unreal/EndlessRunner/Content/Blueprint/Interfaces/BPI_Spawnable.uasset" 0
"D:/Unreal/EndlessRunner/Content/Blueprint/Spawners/BP_SpawnerBase.uasset" 1
"D:/Unreal/EndlessRunner/Content/Blueprint/Spawners/BP_SpawnActor.uasset" 2
"../../../Engine/Content/Functions/Engine_MaterialFunctions02/Utility/VectorLength.uasset" 3
"D:/Unreal/EndlessRunner/Content/Materials/Fogs/Fog.uasset" 4
"D:/Unreal/EndlessRunner/Content/Materials/Fog.uasset" 5
"D:/Unreal/EndlessRunner/Content/Materials/Fogs/Fog_Inst.uasset" 6
"D:/Unreal/EndlessRunner/Content/Materials/Fog_Inst.uasset" 7
"../../../Engine/Content/Functions/Engine_MaterialFunctions02/Utility/CameraDirectionVector.uasset" 8
"D:/Unreal/EndlessRunner/Content/Materials/Floor/M_Base.uasset" 9
"D:/Unreal/EndlessRunner/Content/Materials/Floor/M_CurveBase.uasset" 10
"D:/Unreal/EndlessRunner/Content/Materials/M_CurveBase.uasset" 11
"D:/Unreal/EndlessRunner/Content/Materials/Floor/M_DarkerGrey.uasset" 12
"D:/Unreal/EndlessRunner/Content/Materials/M_DarkerGrey.uasset" 13
"D:/Unreal/EndlessRunner/Content/Materials/Floor/M_FlatGray.uasset" 14
"D:/Unreal/EndlessRunner/Content/Materials/M_FlatGray.uasset" 15
"D:/Unreal/EndlessRunner/Content/Materials/Floor/M_FlatWhite.uasset" 16
"D:/Unreal/EndlessRunner/Content/Materials/M_FlatWhite.uasset" 17
"D:/Unreal/EndlessRunner/Content/Materials/Floor/M_MediumGray.uasset" 18
"D:/Unreal/EndlessRunner/Content/Materials/M_MediumGray.uasset" 19
"../../../Engine/Content/BasicShapes/BasicShapeMaterial.uasset" 20
"D:/Unreal/EndlessRunner/Content/Meshes/SM_Cube.uasset" 21
"../../../Engine/Content/Animation/DefaultAnimCurveCompressionSettings.uasset" 22
"../../../Engine/Content/Functions/Engine_MaterialFunctions01/Opacity/CameraDepthFade.uasset" 23
"../../../Engine/Content/EngineMaterials/T_Default_Material_Grid_M.uasset" 24
"../../../Engine/Content/EngineMaterials/T_Default_Material_Grid_N.uasset" 25
"../../../Engine/Content/EngineMaterials/WorldGridMaterial.uasset" 26
"../../../Engine/Content/ArtTools/RenderToTexture/Meshes/S_1_Unit_Plane.uasset" 27
"../../../Engine/Content/EngineMaterials/DefaultMaterial.uasset" 28
"../../../Engine/Content/BasicShapes/Cone.uasset" 29
"../../../Engine/Content/BasicShapes/Cube.uasset" 30
"../../../Engine/Content/BasicShapes/Cylinder.uasset" 31
"../../../Engine/Content/BasicShapes/Plane.uasset" 32
"../../../Engine/Content/EditorLandscapeResources/DataLayer.uasset" 33
"../../../Engine/Content/EditorMaterials/MAT_Groups_Toggle.uasset" 34
"../../../Engine/Content/EditorMaterials/MAT_Groups_Visibility.uasset" 35
"../../../Engine/Content/EditorMaterials/PreviewShadowIndicator.uasset" 36
"../../../Engine/Content/EditorMaterials/PreviewShadowIndicatorMaterial.uasset" 37
"../../../Engine/Content/EditorMaterials/MatineeGroups/MAT_ColorTrack.uasset" 38
"../../../Engine/Content/EditorMaterials/MatineeGroups/MAT_Groups_Anim.uasset" 39
"../../../Engine/Content/EditorMaterials/MatineeGroups/MAT_Groups_AudioMaster.uasset" 40
"../../../Engine/Content/EditorMaterials/MatineeGroups/MAT_Groups_Director.uasset" 41
"../../../Engine/Content/EditorMaterials/MatineeGroups/MAT_Groups_Event.uasset" 42
"../../../Engine/Content/EditorMaterials/MatineeGroups/MAT_Groups_Fade.uasset" 43
"../../../Engine/Content/EditorMaterials/MatineeGroups/MAT_Groups_Float.uasset" 44
"../../../Engine/Content/EditorMaterials/MatineeGroups/MAT_Groups_Move.uasset" 45
"../../../Engine/Content/EditorMaterials/MatineeGroups/MAT_Groups_Slomo.uasset" 46
"../../../Engine/Content/EditorMaterials/MatineeGroups/MAT_Groups_Sound.uasset" 47
"../../../Engine/Content/EditorMaterials/MatineeGroups/MAT_Groups_Vector.uasset" 48
"../../../Engine/Content/EditorMaterials/ParticleSystems/PSysThumbnail_NoImage.uasset" 49
"../../../Engine/Content/EditorMaterials/ParticleSystems/PSysThumbnail_OOD.uasset" 50
"../../../Engine/Content/EditorMaterials/Camera/CineMat.uasset" 51
"../../../Engine/Content/EditorMaterials/Camera/MI_CineMat_Rig.uasset" 52
"../../../Engine/Content/EditorMeshes/Camera/SM_CraneRig_Arm.uasset" 53
"../../../Engine/Content/EditorMeshes/Camera/SM_CraneRig_Base.uasset" 54
"../../../Engine/Content/EditorMeshes/Camera/SM_CraneRig_Body.uasset" 55
"../../../Engine/Content/EditorMeshes/Camera/SM_CraneRig_Mount.uasset" 56
"../../../Engine/Content/EditorMeshes/Camera/SM_RailRig_Mount.uasset" 57
"../../../Engine/Content/EditorMeshes/Camera/SM_RailRig_Track.uasset" 58
"../../../Engine/Content/EditorResources/BSPVertex.uasset" 59
"../../../Engine/Content/EditorResources/EmptyActor.uasset" 60
"../../../Engine/Content/EditorResources/S_Actor.uasset" 61
"../../../Engine/Content/EditorResources/S_Note.uasset" 62
"../../../Engine/Content/EditorResources/S_Solver.uasset" 63
"../../../Engine/Content/EditorResources/S_Trigger.uasset" 64
"../../../Engine/Content/EditorResources/LightIcons/S_LightError.uasset" 65
"../../../Engine/Content/EditorResources/SequenceRecorder/Countdown.uasset" 66
"../../../Engine/Content/EditorResources/SequenceRecorder/RecordingIndicator.uasset" 67
"../../../Engine/Content/EditorSounds/Notifications/CompileFailed.uasset" 68
"../../../Engine/Content/EditorSounds/Notifications/CompileFailed_Cue.uasset" 69
"../../../Engine/Content/EditorSounds/Notifications/CompileSuccess.uasset" 70
"../../../Engine/Content/EditorSounds/Notifications/CompileStart_Cue.uasset" 71
"../../../Engine/Content/EditorSounds/Notifications/CompileSuccess_Cue.uasset" 72
"../../../Engine/Content/EngineDamageTypes/DmgTypeBP_Environmental.uasset" 73
"../../../Engine/Content/EngineDebugMaterials/DebugEditorMaterial.uasset" 74
"../../../Engine/Content/EngineDebugMaterials/DebugMeshMaterial.uasset" 75
"../../../Engine/Content/EngineDebugMaterials/M_SimpleUnlitTranslucent.uasset" 76
"../../../Engine/Content/EngineDebugMaterials/VolumeToRender.uasset" 77
"../../../Engine/Content/EngineDebugMaterials/M_VolumeRenderSphereTracePP.uasset" 78
"../../../Engine/Content/EngineDebugMaterials/WireframeMaterial.uasset" 79
"../../../Engine/Content/EngineFonts/Faces/DroidSansFallback.uasset" 80
"../../../Engine/Content/EngineFonts/Faces/RobotoBold.uasset" 81
"../../../Engine/Content/EngineFonts/Faces/RobotoBoldItalic.uasset" 82
"../../../Engine/Content/EngineFonts/Faces/RobotoItalic.uasset" 83
"../../../Engine/Content/EngineFonts/Faces/RobotoLight.uasset" 84
"../../../Engine/Content/EngineFonts/Faces/RobotoRegular.uasset" 85
"../../../Engine/Content/EngineFonts/Roboto.uasset" 86
"../../../Engine/Content/EngineMaterials/BaseFlattenDiffuseMap.uasset" 87
"../../../Engine/Content/EngineMaterials/BaseFlattenEmissiveMap.uasset" 88
"../../../Engine/Content/EngineMaterials/BaseFlattenGrayscaleMap.uasset" 89
"../../../Engine/Content/EngineMaterials/BaseFlattenNormalMap.uasset" 90
"../../../Engine/Content/EngineMaterials/BaseFlattenMaterial.uasset" 91
"../../../Engine/Content/EngineMaterials/BlueNoise.uasset" 92
"../../../Engine/Content/EngineMaterials/DefaultBloomKernel.uasset" 93
"../../../Engine/Content/EngineMaterials/DefaultBokeh.uasset" 94
"../../../Engine/Content/EngineMaterials/DefaultDiffuse.uasset" 95
"../../../Engine/Content/EngineMaterials/DefaultDeferredDecalMaterial.uasset" 96
"../../../Engine/Content/EngineMaterials/DefaultLightFunctionMaterial.uasset" 97
"../../../Engine/Content/EngineMaterials/DefaultPhysicalMaterial.uasset" 98
"../../../Engine/Content/Functions/Engine_MaterialFunctions02/Utility/BreakOutFloat2Components.uasset" 99
"../../../Engine/Content/EngineMaterials/DefaultPostProcessMaterial.uasset" 100
"../../../Engine/Content/EngineFonts/RobotoDistanceField.uasset" 101
"../../../Engine/Content/EngineMaterials/DefaultTextMaterialOpaque.uasset" 102
"../../../Engine/Content/EngineMaterials/DefaultWhiteGrid.uasset" 103
"../../../Engine/Content/EngineMaterials/DefaultWhiteGrid_Low.uasset" 104
"../../../Engine/Content/EngineMaterials/EmissiveMeshMaterial.uasset" 105
"../../../Engine/Content/EngineMaterials/GizmoMaterial.uasset" 106
"../../../Engine/Content/EngineMaterials/Good64x64TilingNoiseHighFreq.uasset" 107
"../../../Engine/Content/EngineMaterials/MiniFont.uasset" 108
"../../../Engine/Content/EngineMaterials/InvalidLightmapSettings.uasset" 109
"../../../Engine/Content/EngineMaterials/M_InvalidLightmapSettings.uasset" 110
"../../../Engine/Content/Functions/Engine_MaterialFunctions02/WorldPositionOffset/CameraOffset.uasset" 111
"../../../Engine/Content/EngineMaterials/PhAT_JointLimitMaterial.uasset" 112
"../../../Engine/Content/EngineMaterials/PreintegratedSkinBRDF.uasset" 113
"../../../Engine/Content/EngineMaterials/RemoveSurfaceMaterial.uasset" 114
"../../../Engine/Content/EngineMaterials/WeightMapPlaceholderTexture.uasset" 115
"../../../Engine/Content/EngineResources/WhiteSquareTexture.uasset" 116
"../../../Engine/Content/EngineMaterials/Widget3DPassThrough.uasset" 117
"../../../Engine/Content/EngineMaterials/Widget3DPassThrough_Masked.uasset" 118
"../../../Engine/Content/EngineMaterials/Widget3DPassThrough_Opaque.uasset" 119
"../../../Engine/Content/EngineMaterials/Widget3DPassThrough_Masked_OneSided.uasset" 120
"../../../Engine/Content/EngineMaterials/Widget3DPassThrough_Opaque_OneSided.uasset" 121
"../../../Engine/Content/EngineMaterials/Widget3DPassThrough_Translucent.uasset" 122
"../../../Engine/Content/EngineMaterials/Widget3DPassThrough_Translucent_OneSided.uasset" 123
"../../../Engine/Content/EngineMeshes/Cylinder.uasset" 124
"../../../Engine/Content/EngineMeshes/Sphere.uasset" 125
"../../../Engine/Content/EngineResources/Black.uasset" 126
"../../../Engine/Content/EngineResources/DefaultTexture.uasset" 127
"../../../Engine/Content/EngineResources/DefaultTextureCube.uasset" 128
"../../../Engine/Content/EngineResources/DefaultVolumeTexture2D.uasset" 129
"../../../Engine/Content/EngineResources/DefaultVolumeTexture.uasset" 130
"../../../Engine/Content/EngineResources/GradientTexture0.uasset" 131
"../../../Engine/Content/EngineSounds/Master.uasset" 132
"../../../Engine/Content/Functions/Engine_MaterialFunctions01/Shading/ConvertFromDiffSpec.uasset" 133
"../../../Engine/Content/Functions/Engine_MaterialFunctions01/Shading/PowerToRoughness.uasset" 134
"../../../Engine/Content/Maps/Templates/Thumbnails/Default.uasset" 135
"../../../Engine/Content/Maps/Templates/Thumbnails/TimeOfDay.uasset" 136
"../../../Engine/Content/Maps/Templates/Thumbnails/VR-Basic.uasset" 137
"../../../Engine/Content/MobileResources/T_MobileControls_texture.uasset" 138
"../../../Engine/Content/MobileResources/T_MobileMenu2.uasset" 139
"../../../Engine/Content/MobileResources/HUD/AnalogHat.uasset" 140
"../../../Engine/Content/MobileResources/HUD/VirtualJoystick_Background.uasset" 141
"../../../Engine/Content/MobileResources/HUD/VirtualJoystick_Thumb.uasset" 142
"../../../Engine/Content/MobileResources/HUD/DefaultVirtualJoysticks.uasset" 143
"../../../Engine/Content/MobileResources/HUD/LeftVirtualJoystickOnly.uasset" 144
"../../../Engine/Content/MobileResources/HUD/MobileHUDButton1_off.uasset" 145
"../../../Engine/Content/MobileResources/HUD/MobileHUDButton1_on.uasset" 146
"../../../Engine/Content/MobileResources/HUD/MobileHUDButton2_off.uasset" 147
"../../../Engine/Content/MobileResources/HUD/MobileHUDButton2_on.uasset" 148
"../../../Engine/Content/MobileResources/HUD/MobileHUDButton3.uasset" 149
"../../../Engine/Content/MobileResources/HUD/MobileHUDButtonFire.uasset" 150
"../../../Engine/Content/MobileResources/HUD/MobileHUDDirectionPad.uasset" 151
"../../../Engine/Content/MobileResources/HUD/MobileHUDDirectionPad2.uasset" 152
"../../../Engine/Content/MobileResources/HUD/MobileHUDDirectionPad3.uasset" 153
"../../../Engine/Content/MobileResources/HUD/MobileHUDDirectionStick.uasset" 154
"../../../Engine/Content/MobileResources/HUD/T_Castle_ThumbstickInner.uasset" 155
"../../../Engine/Content/MobileResources/HUD/T_Castle_ThumbstickOutter.uasset" 156
"../../../Engine/Content/Tutorial/ContentIntroCurve.uasset" 157
"../../../Engine/Content/Tutorial/Basics/LevelEditorAttract.uasset" 158
"../../../Engine/Content/VREditor/LaserPointer/VR_LaserPower_01.uasset" 159
"../../../Engine/Content/VREditor/TransformGizmo/TransformGizmoMaterial.uasset" 160
"../../../Engine/Content/VREditor/TransformGizmo/TranslucentTransformGizmoMaterial.uasset" 161
"../../../Engine/Content/VREditor/TransformGizmo/BoundingBoxCorner.uasset" 162
"../../../Engine/Content/VREditor/TransformGizmo/BoundingBoxEdge.uasset" 163
"../../../Engine/Content/VREditor/TransformGizmo/PlaneTranslationHandle.uasset" 164
"../../../Engine/Content/VREditor/TransformGizmo/Main.uasset" 165
"../../../Engine/Content/VREditor/TransformGizmo/Xray.uasset" 166
"../../../Engine/Content/VREditor/TransformGizmo/SM_Sequencer_Key.uasset" 167
"../../../Engine/Content/VREditor/TransformGizmo/SM_Sequencer_Node.uasset" 168
"../../Plugins/2D/Paper2D/Content/PlaceholderTextures/DummySpriteTexture.uasset" 169
"../../Plugins/2D/Paper2D/Content/DummySprite.uasset" 170
"../../Plugins/2D/Paper2D/Content/DefaultPaperTerrainMaterial.uasset" 171
"../../Plugins/2D/Paper2D/Content/DefaultSpriteMaterial.uasset" 172
"../../Plugins/2D/Paper2D/Content/MaskedUnlitSpriteMaterial.uasset" 173
"../../Plugins/2D/Paper2D/Content/OpaqueUnlitSpriteMaterial.uasset" 174
"../../Plugins/FX/Niagara/Content/Enums/ENiagaraBooleanLogicOps.uasset" 175
"../../Plugins/FX/Niagara/Content/Enums/ENiagaraExpansionMode.uasset" 176
"../../Plugins/FX/Niagara/Content/Enums/ENiagaraOrientationAxis.uasset" 177
"../../../Engine/Content/Functions/Engine_MaterialFunctions02/Utility/BreakOutFloat4Components.uasset" 178
"../../../Engine/Content/Functions/Engine_MaterialFunctions02/Utility/MakeFloat2.uasset" 179
"../../../Engine/Content/Functions/Engine_MaterialFunctions02/Utility/MakeFloat3.uasset" 180
"../../Plugins/Runtime/Oculus/OculusVR/Content/Materials/OculusMR_ChromaKey.uasset" 181
"../../Plugins/Runtime/Oculus/OculusVR/Content/Materials/OculusMR_ChromaKey_Lit.uasset" 182
"../../Plugins/Runtime/Oculus/OculusVR/Content/Materials/OculusMR_OpaqueColoredMaterial.uasset" 183
"../../Plugins/Runtime/Oculus/OculusVR/Content/Materials/OculusMR_WhiteMaterial.uasset" 184
"../../../Engine/Content/EditorBlueprintResources/StandardMacros.uasset" 185
"../../../Engine/Content/EngineSky/C_Sky_Cloud_Color.uasset" 186
"../../../Engine/Content/EngineSky/C_Sky_Horizon_Color.uasset" 187
"../../../Engine/Content/EngineSky/C_Sky_Zenith_Color.uasset" 188
"../../../Engine/Content/EngineSky/T_Sky_Blue.uasset" 189
"../../../Engine/Content/EngineSky/T_Sky_Clouds_M.uasset" 190
"../../../Engine/Content/EngineSky/T_Sky_Stars.uasset" 191
"../../../Engine/Content/EngineSky/M_Sky_Panning_Clouds2.uasset" 192
"../../../Engine/Content/EngineSky/SM_SkySphere.uasset" 193
"../../../Engine/Content/EngineSky/BP_Sky_Sphere.uasset" 194
"D:/Unreal/EndlessRunner/Content/Blueprint/Library/BPM_Library.uasset" 195
"D:/Unreal/EndlessRunner/Content/Blueprint/Library/BPF_Lib.uasset" 196
"D:/Unreal/EndlessRunner/Content/Blueprint/Floor/BP_ScrollingComponent.uasset" 197
"D:/Unreal/EndlessRunner/Content/Substance/Virus/Virus_NoMaterial_DefaultMaterial_BaseColor.uasset" 198
"D:/Unreal/EndlessRunner/Content/Substance/Virus/Virus_NoMaterial_DefaultMaterial_Normal.uasset" 199
"D:/Unreal/EndlessRunner/Content/Substance/Virus/Virus_NoMaterial_DefaultMaterial_OcclusionRoughnessMetallic.uasset" 200
"D:/Unreal/EndlessRunner/Content/Materials/Virus.uasset" 201
"../../Plugins/FX/Niagara/Content/DefaultAssets/DefaultSpriteMaterial.uasset" 202
"../../Plugins/FX/Niagara/Content/DynamicInputs/TypeConversions/Vector2DFromFloat.uasset" 203
"../../Plugins/FX/Niagara/Content/Enums/ENiagaraRandomnessMode.uasset" 204
"../../Plugins/FX/Niagara/Content/Functions/GetRandomInfo.uasset" 205
"../../Plugins/FX/Niagara/Content/Functions/RandomRangeFloat.uasset" 206
"../../Plugins/FX/Niagara/Content/DynamicInputs/UniformRange/UniformRangedFloat.uasset" 207
"../../Plugins/FX/Niagara/Content/Functions/RandomRangeInteger.uasset" 208
"../../Plugins/FX/Niagara/Content/DynamicInputs/UniformRange/UniformRangedInt.uasset" 209
"../../Plugins/FX/Niagara/Content/DynamicInputs/ValueFromCurve/FloatFromCurve.uasset" 210
"../../Plugins/FX/Niagara/Content/Functions/Localspace/SimulationPosition.uasset" 211
"../../Plugins/FX/Niagara/Content/Functions/Emitter/EmitterChangeState.uasset" 212
"../../Plugins/FX/Niagara/Content/Enums/ENiagara_EmitterStateOptions.uasset" 213
"../../Plugins/FX/Niagara/Content/Enums/ENiagara_InfiniteLoopDuration.uasset" 214
"../../Plugins/FX/Niagara/Content/Enums/ENiagaraEmitterLifeCycleMode.uasset" 215
"../../Plugins/FX/Niagara/Content/Enums/ENiagaraEmitterScalabilityMode_Limited.uasset" 216
"../../Plugins/FX/Niagara/Content/Enums/ENiagaraExecutionStateManagement.uasset" 217
"../../Plugins/FX/Niagara/Content/Enums/ENiagaraInactiveMode.uasset" 218
"../../Plugins/FX/Niagara/Content/Modules/Emitter/EmitterState.uasset" 219
"../../Plugins/FX/Niagara/Content/Modules/Emitter/SpawnBurst_Instantaneous.uasset" 220
"../../Plugins/FX/Niagara/Content/Functions/DirectionAndLengthSafe.uasset" 221
"../../Plugins/FX/Niagara/Content/Modules/Solvers/SolveForcesAndVelocity.uasset" 222
"../../Plugins/FX/Niagara/Content/Modules/Spawn/Initialization/InitializeParticle.uasset" 223
"../../Plugins/FX/Niagara/Content/Enums/ENiagaraCoordinateSpace.uasset" 224
"../../Plugins/FX/Niagara/Content/Functions/Localspace/TransformBase.uasset" 225
"../../Plugins/FX/Niagara/Content/Functions/Localspace/TransformVector.uasset" 226
"../../Plugins/FX/Niagara/Content/Functions/Math/RemapValueRange.uasset" 227
"../../Plugins/FX/Niagara/Content/Functions/PolarToCartesianCoordinates.uasset" 228
"../../Plugins/FX/Niagara/Content/Functions/RandomVectorInCone.uasset" 229
"../../Plugins/FX/Niagara/Content/Functions/Rotation/FindQuatBetween.uasset" 230
"../../Plugins/FX/Niagara/Content/Functions/Rotation/MultiplyVectorWithQuaternion.uasset" 231
"../../Plugins/FX/Niagara/Content/Modules/Spawn/Velocity/AddVelocityInCone.uasset" 232
"../../Plugins/FX/Niagara/Content/Enums/ENiagaraScaleColorMode.uasset" 233
"../../Plugins/FX/Niagara/Content/Modules/Update/Color/ScaleColor.uasset" 234
"../../Plugins/FX/Niagara/Content/Modules/Update/Forces/Drag.uasset" 235
"../../Plugins/FX/Niagara/Content/Modules/Update/Forces/GravityForce.uasset" 236
"../../Plugins/FX/Niagara/Content/Modules/Update/Lifetime/ParticleState.uasset" 237
"../../Plugins/FX/Niagara/Content/Enums/ENiagaraMassByVolume.uasset" 238
"../../Plugins/FX/Niagara/Content/Modules/Update/Mass/CalculateSizeAndRotationalInertiaByMass.uasset" 239
"../../Plugins/FX/Niagara/Content/Modules/Update/Size/ScaleSpriteSizeBySpeed.uasset" 240
"D:/Unreal/EndlessRunner/Content/Materials/Effects/NE_Explode.uasset" 241
"../../Plugins/FX/Niagara/Content/Functions/System/SystemChangeState.uasset" 242
"../../Plugins/FX/Niagara/Content/Enums/ENiagaraSystemInactiveMode.uasset" 243
"../../Plugins/FX/Niagara/Content/Modules/System/SystemState.uasset" 244
"D:/Unreal/EndlessRunner/Content/Materials/Effects/NE_ExplodeEnemy.uasset" 245
"D:/Unreal/EndlessRunner/Content/Meshes/Virus_NoMaterial.uasset" 246
"D:/Unreal/EndlessRunner/Content/Blueprint/GameObjects/Enemies/BasicEnemy.uasset" 247
"D:/Unreal/EndlessRunner/Content/Materials/M_Base.uasset" 248
"D:/Unreal/EndlessRunner/Content/Materials/M_FlatRed.uasset" 249
"../../../Engine/Content/BasicShapes/Sphere.uasset" 250
"D:/Unreal/EndlessRunner/Content/Blueprint/GameObjects/Bullet.uasset" 251
"D:/Unreal/EndlessRunner/Content/Materials/Effects/NE_Explode_System.uasset" 252
"D:/Unreal/EndlessRunner/Content/Meshes/Player.uasset" 253
"D:/Unreal/EndlessRunner/Content/Blueprint/GameObjects/BP_Player.uasset" 254
"D:/Unreal/EndlessRunner/Content/UI/GameOver.uasset" 255
"D:/Unreal/EndlessRunner/Content/UI/MainMenu.uasset" 256
"D:/Unreal/EndlessRunner/Content/Blueprint/BP_LevelManager.uasset" 257
"D:/Unreal/EndlessRunner/Content/Meshes/StaticMesh.uasset" 258
"D:/Unreal/EndlessRunner/Content/Blueprint/Floor/BP_FloorBase.uasset" 259
"D:/Unreal/EndlessRunner/Content/Blueprint/Floor/BP_Side.uasset" 260
"D:/Unreal/EndlessRunner/Content/Blueprint/Spawners/BP_EnemySpawnerActor.uasset" 261
"D:/Unreal/EndlessRunner/Content/Blueprint/Floor/BP_MiddleFloor.uasset" 262
"D:/Unreal/EndlessRunner/Content/Blueprint/Spawners/BP_FloorSpawnerActor.uasset" 263
"D:/Unreal/EndlessRunner/Content/GameMode/BP_GameModeBase.uasset" 264
"D:/Unreal/EndlessRunner/Content/Maps/Main_BuiltData.uasset" 265
"D:/Unreal/EndlessRunner/Content/Materials/TexturePack/cloud.uasset" 266
"D:/Unreal/EndlessRunner/Content/Materials/TexturePack/particle.uasset" 267
"D:/Unreal/EndlessRunner/Content/Materials/TexturePack/rainbowmap.uasset" 268
"D:/Unreal/EndlessRunner/Content/Materials/Fogs/LocalFog.uasset" 269
"D:/Unreal/EndlessRunner/Content/Materials/Fogs/LocalFog_Inst.uasset" 270
"D:/Unreal/EndlessRunner/Content/Materials/Fogs/FogParticle.uasset" 271
"D:/Unreal/EndlessRunner/Content/Maps/Main.umap" 272
"../../../Engine/Content/Maps/Entry_BuiltData.uasset" 273
"../../../Engine/Content/Maps/Entry.umap" 274
